0 verbose cli C:\Program Files\nodejs\node.exe C:\Program Files\nodejs\node_modules\npm\bin\npm-cli.js
1 info using npm@10.2.3
2 info using node@v20.10.0
3 timing npm:load:whichnode Completed in 3ms
4 timing config:load:defaults Completed in 2ms
5 timing config:load:file:C:\Program Files\nodejs\node_modules\npm\npmrc Completed in 3ms
6 timing config:load:builtin Completed in 3ms
7 timing config:load:cli Completed in 1ms
8 timing config:load:env Completed in 1ms
9 timing config:load:file:D:\Projects\learning\travel-agency\.npmrc Completed in 0ms
10 timing config:load:project Completed in 2ms
11 timing config:load:file:C:\Users\Admin\.npmrc Completed in 1ms
12 timing config:load:user Completed in 1ms
13 timing config:load:file:C:\Users\Admin\AppData\Roaming\npm\etc\npmrc Completed in 1ms
14 timing config:load:global Completed in 1ms
15 timing config:load:setEnvs Completed in 1ms
16 timing config:load Completed in 14ms
17 timing npm:load:configload Completed in 14ms
18 timing config:load:flatten Completed in 2ms
19 timing npm:load:mkdirpcache Completed in 1ms
20 timing npm:load:mkdirplogs Completed in 0ms
21 verbose title npm i clsx tailwind-merge
22 verbose argv "i" "clsx" "tailwind-merge"
23 timing npm:load:setTitle Completed in 1ms
24 timing npm:load:display Completed in 1ms
25 verbose logfile logs-max:10 dir:D:\Projects\learning\travel-agency\.npm_cache\_logs\2025-05-14T15_14_16_464Z-
26 verbose logfile D:\Projects\learning\travel-agency\.npm_cache\_logs\2025-05-14T15_14_16_464Z-debug-0.log
27 timing npm:load:logFile Completed in 13ms
28 timing npm:load:timers Completed in 0ms
29 timing npm:load:configScope Completed in 0ms
30 timing npm:load Completed in 59ms
31 timing arborist:ctor Completed in 1ms
32 silly logfile done cleaning log files
33 timing idealTree:init Completed in 134ms
34 timing idealTree:userRequests Completed in 1ms
35 silly idealTree buildDeps
36 silly fetch manifest clsx@*
37 verbose shrinkwrap failed to load node_modules/.package-lock.json out of date, updated: node_modules
38 http fetch GET 200 https://registry.npmjs.org/clsx 288ms (cache miss)
39 silly fetch manifest tailwind-merge@*
40 http fetch GET 200 https://registry.npmjs.org/tailwind-merge 70ms (cache miss)
41 silly placeDep ROOT clsx@2.1.1 OK for:  want: *
42 silly placeDep ROOT tailwind-merge@3.3.0 OK for:  want: *
43 timing idealTree:#root Completed in 378ms
44 timing idealTree:node_modules/@tailwindcss/oxide-wasm32-wasi Completed in 1ms
45 timing idealTree:node_modules/clsx Completed in 0ms
46 timing idealTree:node_modules/tailwind-merge Completed in 0ms
47 timing idealTree:buildDeps Completed in 382ms
48 timing idealTree:fixDepFlags Completed in 4ms
49 timing idealTree Completed in 529ms
50 timing reify:loadTrees Completed in 531ms
51 timing reify:diffTrees Completed in 18ms
52 silly reify moves {}
53 timing reify:retireShallow Completed in 1ms
54 timing reify:createSparse Completed in 13ms
55 verbose reify failed optional dependency D:\Projects\learning\travel-agency\node_modules\@tailwindcss\oxide-wasm32-wasi
56 silly reify mark deleted [
56 silly reify   'D:\\Projects\\learning\\travel-agency\\node_modules\\@tailwindcss\\oxide-wasm32-wasi'
56 silly reify ]
57 timing reifyNode:node_modules/@tailwindcss/oxide-wasm32-wasi Completed in 4ms
58 timing arborist:ctor Completed in 0ms
59 timing reify:diffTrees Completed in 28ms
60 timing reify:loadBundles Completed in 38ms
61 silly audit bulk request {
61 silly audit   '@ampproject/remapping': [ '2.3.0' ],
61 silly audit   '@babel/code-frame': [ '7.27.1' ],
61 silly audit   '@babel/compat-data': [ '7.27.2' ],
61 silly audit   '@babel/core': [ '7.27.1' ],
61 silly audit   semver: [ '6.3.1', '7.7.2' ],
61 silly audit   '@babel/generator': [ '7.27.1' ],
61 silly audit   '@babel/helper-annotate-as-pure': [ '7.27.1' ],
61 silly audit   '@babel/helper-compilation-targets': [ '7.27.2' ],
61 silly audit   '@babel/helper-create-class-features-plugin': [ '7.27.1' ],
61 silly audit   '@babel/helper-member-expression-to-functions': [ '7.27.1' ],
61 silly audit   '@babel/helper-module-imports': [ '7.27.1' ],
61 silly audit   '@babel/helper-module-transforms': [ '7.27.1' ],
61 silly audit   '@babel/helper-optimise-call-expression': [ '7.27.1' ],
61 silly audit   '@babel/helper-plugin-utils': [ '7.27.1' ],
61 silly audit   '@babel/helper-replace-supers': [ '7.27.1' ],
61 silly audit   '@babel/helper-skip-transparent-expression-wrappers': [ '7.27.1' ],
61 silly audit   '@babel/helper-string-parser': [ '7.27.1' ],
61 silly audit   '@babel/helper-validator-identifier': [ '7.27.1' ],
61 silly audit   '@babel/helper-validator-option': [ '7.27.1' ],
61 silly audit   '@babel/helpers': [ '7.27.1' ],
61 silly audit   '@babel/parser': [ '7.27.2' ],
61 silly audit   '@babel/plugin-syntax-decorators': [ '7.27.1' ],
61 silly audit   '@babel/plugin-syntax-jsx': [ '7.27.1' ],
61 silly audit   '@babel/plugin-syntax-typescript': [ '7.27.1' ],
61 silly audit   '@babel/plugin-transform-modules-commonjs': [ '7.27.1' ],
61 silly audit   '@babel/plugin-transform-typescript': [ '7.27.1' ],
61 silly audit   '@babel/preset-typescript': [ '7.27.1' ],
61 silly audit   '@babel/template': [ '7.27.2' ],
61 silly audit   '@babel/traverse': [ '7.27.1' ],
61 silly audit   '@babel/types': [ '7.27.1' ],
61 silly audit   '@esbuild/aix-ppc64': [ '0.25.4' ],
61 silly audit   '@esbuild/android-arm': [ '0.25.4' ],
61 silly audit   '@esbuild/android-arm64': [ '0.25.4' ],
61 silly audit   '@esbuild/android-x64': [ '0.25.4' ],
61 silly audit   '@esbuild/darwin-arm64': [ '0.25.4' ],
61 silly audit   '@esbuild/darwin-x64': [ '0.25.4' ],
61 silly audit   '@esbuild/freebsd-arm64': [ '0.25.4' ],
61 silly audit   '@esbuild/freebsd-x64': [ '0.25.4' ],
61 silly audit   '@esbuild/linux-arm': [ '0.25.4' ],
61 silly audit   '@esbuild/linux-arm64': [ '0.25.4' ],
61 silly audit   '@esbuild/linux-ia32': [ '0.25.4' ],
61 silly audit   '@esbuild/linux-loong64': [ '0.25.4' ],
61 silly audit   '@esbuild/linux-mips64el': [ '0.25.4' ],
61 silly audit   '@esbuild/linux-ppc64': [ '0.25.4' ],
61 silly audit   '@esbuild/linux-riscv64': [ '0.25.4' ],
61 silly audit   '@esbuild/linux-s390x': [ '0.25.4' ],
61 silly audit   '@esbuild/linux-x64': [ '0.25.4' ],
61 silly audit   '@esbuild/netbsd-arm64': [ '0.25.4' ],
61 silly audit   '@esbuild/netbsd-x64': [ '0.25.4' ],
61 silly audit   '@esbuild/openbsd-arm64': [ '0.25.4' ],
61 silly audit   '@esbuild/openbsd-x64': [ '0.25.4' ],
61 silly audit   '@esbuild/sunos-x64': [ '0.25.4' ],
61 silly audit   '@esbuild/win32-arm64': [ '0.25.4' ],
61 silly audit   '@esbuild/win32-ia32': [ '0.25.4' ],
61 silly audit   '@esbuild/win32-x64': [ '0.25.4' ],
61 silly audit   '@isaacs/cliui': [ '8.0.2' ],
61 silly audit   '@isaacs/fs-minipass': [ '4.0.1' ],
61 silly audit   '@jridgewell/gen-mapping': [ '0.3.8' ],
61 silly audit   '@jridgewell/resolve-uri': [ '3.1.2' ],
61 silly audit   '@jridgewell/set-array': [ '1.2.1' ],
61 silly audit   '@jridgewell/sourcemap-codec': [ '1.5.0' ],
61 silly audit   '@jridgewell/trace-mapping': [ '0.3.25' ],
61 silly audit   '@mjackson/node-fetch-server': [ '0.2.0' ],
61 silly audit   '@npmcli/git': [ '4.1.0' ],
61 silly audit   'lru-cache': [ '7.18.3', '5.1.1', '10.4.3' ],
61 silly audit   '@npmcli/package-json': [ '4.0.1' ],
61 silly audit   '@npmcli/promise-spawn': [ '6.0.2' ],
61 silly audit   '@pkgjs/parseargs': [ '0.11.0' ],
61 silly audit   '@react-router/dev': [ '7.6.0' ],
61 silly audit   '@react-router/express': [ '7.6.0' ],
61 silly audit   '@react-router/node': [ '7.6.0' ],
61 silly audit   '@react-router/serve': [ '7.6.0' ],
61 silly audit   '@rollup/rollup-android-arm-eabi': [ '4.40.2' ],
61 silly audit   '@rollup/rollup-android-arm64': [ '4.40.2' ],
61 silly audit   '@rollup/rollup-darwin-arm64': [ '4.40.2' ],
61 silly audit   '@rollup/rollup-darwin-x64': [ '4.40.2' ],
61 silly audit   '@rollup/rollup-freebsd-arm64': [ '4.40.2' ],
61 silly audit   '@rollup/rollup-freebsd-x64': [ '4.40.2' ],
61 silly audit   '@rollup/rollup-linux-arm-gnueabihf': [ '4.40.2' ],
61 silly audit   '@rollup/rollup-linux-arm-musleabihf': [ '4.40.2' ],
61 silly audit   '@rollup/rollup-linux-arm64-gnu': [ '4.40.2' ],
61 silly audit   '@rollup/rollup-linux-arm64-musl': [ '4.40.2' ],
61 silly audit   '@rollup/rollup-linux-loongarch64-gnu': [ '4.40.2' ],
61 silly audit   '@rollup/rollup-linux-powerpc64le-gnu': [ '4.40.2' ],
61 silly audit   '@rollup/rollup-linux-riscv64-gnu': [ '4.40.2' ],
61 silly audit   '@rollup/rollup-linux-riscv64-musl': [ '4.40.2' ],
61 silly audit   '@rollup/rollup-linux-s390x-gnu': [ '4.40.2' ],
61 silly audit   '@rollup/rollup-linux-x64-gnu': [ '4.40.2' ],
61 silly audit   '@rollup/rollup-linux-x64-musl': [ '4.40.2' ],
61 silly audit   '@rollup/rollup-win32-arm64-msvc': [ '4.40.2' ],
61 silly audit   '@rollup/rollup-win32-ia32-msvc': [ '4.40.2' ],
61 silly audit   '@rollup/rollup-win32-x64-msvc': [ '4.40.2' ],
61 silly audit   '@tailwindcss/node': [ '4.1.6' ],
61 silly audit   '@tailwindcss/oxide': [ '4.1.6' ],
61 silly audit   '@tailwindcss/oxide-android-arm64': [ '4.1.6' ],
61 silly audit   '@tailwindcss/oxide-darwin-arm64': [ '4.1.6' ],
61 silly audit   '@tailwindcss/oxide-darwin-x64': [ '4.1.6' ],
61 silly audit   '@tailwindcss/oxide-freebsd-x64': [ '4.1.6' ],
61 silly audit   '@tailwindcss/oxide-linux-arm-gnueabihf': [ '4.1.6' ],
61 silly audit   '@tailwindcss/oxide-linux-arm64-gnu': [ '4.1.6' ],
61 silly audit   '@tailwindcss/oxide-linux-arm64-musl': [ '4.1.6' ],
61 silly audit   '@tailwindcss/oxide-linux-x64-gnu': [ '4.1.6' ],
61 silly audit   '@tailwindcss/oxide-linux-x64-musl': [ '4.1.6' ],
61 silly audit   '@tailwindcss/oxide-win32-arm64-msvc': [ '4.1.6' ],
61 silly audit   '@tailwindcss/oxide-win32-x64-msvc': [ '4.1.6' ],
61 silly audit   '@tailwindcss/vite': [ '4.1.6' ],
61 silly audit   '@types/estree': [ '1.0.7' ],
61 silly audit   '@types/node': [ '20.17.47' ],
61 silly audit   '@types/react': [ '19.1.4' ],
61 silly audit   '@types/react-dom': [ '19.1.5' ],
61 silly audit   accepts: [ '1.3.8' ],
61 silly audit   negotiator: [ '0.6.3', '0.6.4' ],
61 silly audit   'ansi-regex': [ '6.1.0', '5.0.1' ],
61 silly audit   'ansi-styles': [ '6.2.1', '4.3.0' ],
61 silly audit   arg: [ '5.0.2' ],
61 silly audit   'array-flatten': [ '1.1.1' ],
61 silly audit   'babel-dead-code-elimination': [ '1.0.10' ],
61 silly audit   'balanced-match': [ '1.0.2' ],
61 silly audit   'basic-auth': [ '2.0.1' ],
61 silly audit   'safe-buffer': [ '5.1.2', '5.2.1' ],
61 silly audit   'body-parser': [ '1.20.3' ],
61 silly audit   debug: [ '2.6.9', '4.4.1' ],
61 silly audit   ms: [ '2.0.0', '2.1.3' ],
61 silly audit   'brace-expansion': [ '2.0.1' ],
61 silly audit   browserslist: [ '4.24.5' ],
61 silly audit   'buffer-from': [ '1.1.2' ],
61 silly audit   bytes: [ '3.1.2' ],
61 silly audit   cac: [ '6.7.14' ],
61 silly audit   'call-bind-apply-helpers': [ '1.0.2' ],
61 silly audit   'call-bound': [ '1.0.4' ],
61 silly audit   'caniuse-lite': [ '1.0.30001718' ],
61 silly audit   chokidar: [ '4.0.3' ],
61 silly audit   chownr: [ '3.0.0' ],
61 silly audit   'color-convert': [ '2.0.1' ],
61 silly audit   'color-name': [ '1.1.4' ],
61 silly audit   compressible: [ '2.0.18' ],
61 silly audit   compression: [ '1.8.0' ],
61 silly audit   'content-disposition': [ '0.5.4' ],
61 silly audit   'content-type': [ '1.0.5' ],
61 silly audit   'convert-source-map': [ '2.0.0' ],
61 silly audit   cookie: [ '0.7.1', '1.0.2' ],
61 silly audit   'cookie-signature': [ '1.0.6' ],
61 silly audit   'cross-spawn': [ '7.0.6' ],
61 silly audit   which: [ '2.0.2', '3.0.1' ],
61 silly audit   csstype: [ '3.1.3' ],
61 silly audit   dedent: [ '1.6.0' ],
61 silly audit   depd: [ '2.0.0' ],
61 silly audit   destroy: [ '1.2.0' ],
61 silly audit   'detect-libc': [ '2.0.4' ],
61 silly audit   'dunder-proto': [ '1.0.1' ],
61 silly audit   eastasianwidth: [ '0.2.0' ],
61 silly audit   'ee-first': [ '1.1.1' ],
61 silly audit   'electron-to-chromium': [ '1.5.152' ],
61 silly audit   'emoji-regex': [ '9.2.2', '8.0.0' ],
61 silly audit   encodeurl: [ '2.0.0', '1.0.2' ],
61 silly audit   'enhanced-resolve': [ '5.18.1' ],
61 silly audit   'err-code': [ '2.0.3' ],
61 silly audit   'es-define-property': [ '1.0.1' ],
61 silly audit   'es-errors': [ '1.3.0' ],
61 silly audit   'es-module-lexer': [ '1.7.0' ],
61 silly audit   'es-object-atoms': [ '1.1.1' ],
61 silly audit   esbuild: [ '0.25.4' ],
61 silly audit   escalade: [ '3.2.0' ],
61 silly audit   'escape-html': [ '1.0.3' ],
61 silly audit   etag: [ '1.8.1' ],
61 silly audit   'exit-hook': [ '2.2.1' ],
61 silly audit   express: [ '4.21.2' ],
61 silly audit   fdir: [ '6.4.4' ],
61 silly audit   finalhandler: [ '1.3.1' ],
61 silly audit   'foreground-child': [ '3.3.1' ],
61 silly audit   forwarded: [ '0.2.0' ],
61 silly audit   fresh: [ '0.5.2' ],
61 silly audit   'fs-extra': [ '10.1.0' ],
61 silly audit   fsevents: [ '2.3.3' ],
61 silly audit   'function-bind': [ '1.1.2' ],
61 silly audit   gensync: [ '1.0.0-beta.2' ],
61 silly audit   'get-intrinsic': [ '1.3.0' ],
61 silly audit   'get-port': [ '5.1.1' ],
61 silly audit   'get-proto': [ '1.0.1' ],
61 silly audit   glob: [ '10.4.5' ],
61 silly audit   globals: [ '11.12.0' ],
61 silly audit   globrex: [ '0.1.2' ],
61 silly audit   gopd: [ '1.2.0' ],
61 silly audit   'graceful-fs': [ '4.2.11' ],
61 silly audit   'has-symbols': [ '1.1.0' ],
61 silly audit   hasown: [ '2.0.2' ],
61 silly audit   'hosted-git-info': [ '6.1.3' ],
61 silly audit   'http-errors': [ '2.0.0' ],
61 silly audit   'iconv-lite': [ '0.4.24' ],
61 silly audit   inherits: [ '2.0.4' ],
61 silly audit   'ipaddr.js': [ '1.9.1' ],
61 silly audit   'is-core-module': [ '2.16.1' ],
61 silly audit   'is-fullwidth-code-point': [ '3.0.0' ],
61 silly audit   isbot: [ '5.1.28' ],
61 silly audit   isexe: [ '2.0.0' ],
61 silly audit   jackspeak: [ '3.4.3' ],
61 silly audit   jiti: [ '2.4.2' ],
61 silly audit   'js-tokens': [ '4.0.0' ],
61 silly audit   jsesc: [ '3.0.2' ],
61 silly audit   'json-parse-even-better-errors': [ '3.0.2' ],
61 silly audit   json5: [ '2.2.3' ],
61 silly audit   jsonfile: [ '6.1.0' ],
61 silly audit   lightningcss: [ '1.29.2' ],
61 silly audit   'lightningcss-darwin-arm64': [ '1.29.2' ],
61 silly audit   'lightningcss-darwin-x64': [ '1.29.2' ],
61 silly audit   'lightningcss-freebsd-x64': [ '1.29.2' ],
61 silly audit   'lightningcss-linux-arm-gnueabihf': [ '1.29.2' ],
61 silly audit   'lightningcss-linux-arm64-gnu': [ '1.29.2' ],
61 silly audit   'lightningcss-linux-arm64-musl': [ '1.29.2' ],
61 silly audit   'lightningcss-linux-x64-gnu': [ '1.29.2' ],
61 silly audit   'lightningcss-linux-x64-musl': [ '1.29.2' ],
61 silly audit   'lightningcss-win32-arm64-msvc': [ '1.29.2' ],
61 silly audit   'lightningcss-win32-x64-msvc': [ '1.29.2' ],
61 silly audit   lodash: [ '4.17.21' ],
61 silly audit   'magic-string': [ '0.30.17' ],
61 silly audit   'math-intrinsics': [ '1.1.0' ],
61 silly audit   'media-typer': [ '0.3.0' ],
61 silly audit   'merge-descriptors': [ '1.0.3' ],
61 silly audit   methods: [ '1.1.2' ],
61 silly audit   mime: [ '1.6.0' ],
61 silly audit   'mime-db': [ '1.54.0', '1.52.0' ],
61 silly audit   'mime-types': [ '2.1.35' ],
61 silly audit   minimatch: [ '9.0.5' ],
61 silly audit   minipass: [ '7.1.2' ],
61 silly audit   minizlib: [ '3.0.2' ],
61 silly audit   mkdirp: [ '3.0.1' ],
61 silly audit   morgan: [ '1.10.0' ],
61 silly audit   'on-finished': [ '2.3.0', '2.4.1' ],
61 silly audit   nanoid: [ '3.3.11' ],
61 silly audit   'node-releases': [ '2.0.19' ],
61 silly audit   'normalize-package-data': [ '5.0.0' ],
61 silly audit   'npm-install-checks': [ '6.3.0' ],
61 silly audit   'npm-normalize-package-bin': [ '3.0.1' ],
61 silly audit   'npm-package-arg': [ '10.1.0' ],
61 silly audit   'npm-pick-manifest': [ '8.0.2' ],
61 silly audit   'object-inspect': [ '1.13.4' ],
61 silly audit   'on-headers': [ '1.0.2' ],
61 silly audit   'package-json-from-dist': [ '1.0.1' ],
61 silly audit   parseurl: [ '1.3.3' ],
61 silly audit   'path-key': [ '3.1.1' ],
61 silly audit   'path-scurry': [ '1.11.1' ],
61 silly audit   'path-to-regexp': [ '0.1.12' ],
61 silly audit   pathe: [ '1.1.2' ],
61 silly audit   picocolors: [ '1.1.1' ],
61 silly audit   picomatch: [ '4.0.2' ],
61 silly audit   postcss: [ '8.5.3' ],
61 silly audit   prettier: [ '2.8.8' ],
61 silly audit   'proc-log': [ '3.0.0' ],
61 silly audit   'promise-inflight': [ '1.0.1' ],
61 silly audit   'promise-retry': [ '2.0.1' ],
61 silly audit   'proxy-addr': [ '2.0.7' ],
61 silly audit   qs: [ '6.13.0' ],
61 silly audit   'range-parser': [ '1.2.1' ],
61 silly audit   'raw-body': [ '2.5.2' ],
61 silly audit   react: [ '19.1.0' ],
61 silly audit   'react-dom': [ '19.1.0' ],
61 silly audit   'react-refresh': [ '0.14.2' ],
61 silly audit   'react-router': [ '7.6.0' ],
61 silly audit   readdirp: [ '4.1.2' ],
61 silly audit   retry: [ '0.12.0' ],
61 silly audit   rollup: [ '4.40.2' ],
61 silly audit   'safer-buffer': [ '2.1.2' ],
61 silly audit   scheduler: [ '0.26.0' ],
61 silly audit   send: [ '0.19.0' ],
61 silly audit   'serve-static': [ '1.16.2' ],
61 silly audit   'set-cookie-parser': [ '2.7.1' ],
61 silly audit   setprototypeof: [ '1.2.0' ],
61 silly audit   'shebang-command': [ '2.0.0' ],
61 silly audit   'shebang-regex': [ '3.0.0' ],
61 silly audit   'side-channel': [ '1.1.0' ],
61 silly audit   'side-channel-list': [ '1.0.0' ],
61 silly audit   'side-channel-map': [ '1.0.1' ],
61 silly audit   'side-channel-weakmap': [ '1.0.2' ],
61 silly audit   'signal-exit': [ '4.1.0' ],
61 silly audit   'source-map': [ '0.6.1' ],
61 silly audit   'source-map-js': [ '1.2.1' ],
61 silly audit   'source-map-support': [ '0.5.21' ],
61 silly audit   'spdx-correct': [ '3.2.0' ],
61 silly audit   'spdx-exceptions': [ '2.5.0' ],
61 silly audit   'spdx-expression-parse': [ '3.0.1' ],
61 silly audit   'spdx-license-ids': [ '3.0.21' ],
61 silly audit   statuses: [ '2.0.1' ],
61 silly audit   'stream-slice': [ '0.1.2' ],
61 silly audit   'string-width': [ '5.1.2', '4.2.3' ],
61 silly audit   'strip-ansi': [ '6.0.1', '7.1.0' ],
61 silly audit   tailwindcss: [ '4.1.6' ],
61 silly audit   tapable: [ '2.2.1' ],
61 silly audit   tar: [ '7.4.3' ],
61 silly audit   yallist: [ '5.0.0', '3.1.1' ],
61 silly audit   tinyglobby: [ '0.2.13' ],
61 silly audit   toidentifier: [ '1.0.1' ],
61 silly audit   tsconfck: [ '3.1.5' ],
61 silly audit   'type-is': [ '1.6.18' ],
61 silly audit   typescript: [ '5.8.3' ],
61 silly audit   undici: [ '6.21.3' ],
61 silly audit   'undici-types': [ '6.19.8' ],
61 silly audit   universalify: [ '2.0.1' ],
61 silly audit   unpipe: [ '1.0.0' ],
61 silly audit   'update-browserslist-db': [ '1.1.3' ],
61 silly audit   'utils-merge': [ '1.0.1' ],
61 silly audit   valibot: [ '0.41.0' ],
61 silly audit   'validate-npm-package-license': [ '3.0.4' ],
61 silly audit   'validate-npm-package-name': [ '5.0.1' ],
61 silly audit   vary: [ '1.1.2' ],
61 silly audit   vite: [ '6.3.5' ],
61 silly audit   'vite-node': [ '3.0.0-beta.2' ],
61 silly audit   'vite-tsconfig-paths': [ '5.1.4' ],
61 silly audit   'wrap-ansi': [ '8.1.0', '7.0.0' ],
61 silly audit   clsx: [ '2.1.1' ],
61 silly audit   'tailwind-merge': [ '3.3.0' ],
61 silly audit   '@tailwindcss/oxide-wasm32-wasi': [ '4.1.6' ]
61 silly audit }
62 verbose reify failed optional dependency D:\Projects\learning\travel-agency\node_modules\lightningcss-win32-arm64-msvc
63 silly reify mark deleted [
63 silly reify   'D:\\Projects\\learning\\travel-agency\\node_modules\\lightningcss-win32-arm64-msvc'
63 silly reify ]
64 verbose reify failed optional dependency D:\Projects\learning\travel-agency\node_modules\lightningcss-linux-x64-musl
65 silly reify mark deleted [
65 silly reify   'D:\\Projects\\learning\\travel-agency\\node_modules\\lightningcss-linux-x64-musl'
65 silly reify ]
66 verbose reify failed optional dependency D:\Projects\learning\travel-agency\node_modules\lightningcss-linux-x64-gnu
67 silly reify mark deleted [
67 silly reify   'D:\\Projects\\learning\\travel-agency\\node_modules\\lightningcss-linux-x64-gnu'
67 silly reify ]
68 verbose reify failed optional dependency D:\Projects\learning\travel-agency\node_modules\lightningcss-linux-arm64-musl
69 silly reify mark deleted [
69 silly reify   'D:\\Projects\\learning\\travel-agency\\node_modules\\lightningcss-linux-arm64-musl'
69 silly reify ]
70 verbose reify failed optional dependency D:\Projects\learning\travel-agency\node_modules\lightningcss-linux-arm64-gnu
71 silly reify mark deleted [
71 silly reify   'D:\\Projects\\learning\\travel-agency\\node_modules\\lightningcss-linux-arm64-gnu'
71 silly reify ]
72 verbose reify failed optional dependency D:\Projects\learning\travel-agency\node_modules\lightningcss-linux-arm-gnueabihf
73 silly reify mark deleted [
73 silly reify   'D:\\Projects\\learning\\travel-agency\\node_modules\\lightningcss-linux-arm-gnueabihf'
73 silly reify ]
74 verbose reify failed optional dependency D:\Projects\learning\travel-agency\node_modules\lightningcss-freebsd-x64
75 silly reify mark deleted [
75 silly reify   'D:\\Projects\\learning\\travel-agency\\node_modules\\lightningcss-freebsd-x64'
75 silly reify ]
76 verbose reify failed optional dependency D:\Projects\learning\travel-agency\node_modules\lightningcss-darwin-x64
77 silly reify mark deleted [
77 silly reify   'D:\\Projects\\learning\\travel-agency\\node_modules\\lightningcss-darwin-x64'
77 silly reify ]
78 verbose reify failed optional dependency D:\Projects\learning\travel-agency\node_modules\lightningcss-darwin-arm64
79 silly reify mark deleted [
79 silly reify   'D:\\Projects\\learning\\travel-agency\\node_modules\\lightningcss-darwin-arm64'
79 silly reify ]
80 verbose reify failed optional dependency D:\Projects\learning\travel-agency\node_modules\fsevents
81 silly reify mark deleted [ 'D:\\Projects\\learning\\travel-agency\\node_modules\\fsevents' ]
82 verbose reify failed optional dependency D:\Projects\learning\travel-agency\node_modules\@tailwindcss\oxide-win32-arm64-msvc
83 silly reify mark deleted [
83 silly reify   'D:\\Projects\\learning\\travel-agency\\node_modules\\@tailwindcss\\oxide-win32-arm64-msvc'
83 silly reify ]
84 verbose reify failed optional dependency D:\Projects\learning\travel-agency\node_modules\@tailwindcss\oxide-linux-x64-musl
85 silly reify mark deleted [
85 silly reify   'D:\\Projects\\learning\\travel-agency\\node_modules\\@tailwindcss\\oxide-linux-x64-musl'
85 silly reify ]
86 verbose reify failed optional dependency D:\Projects\learning\travel-agency\node_modules\@tailwindcss\oxide-linux-x64-gnu
87 silly reify mark deleted [
87 silly reify   'D:\\Projects\\learning\\travel-agency\\node_modules\\@tailwindcss\\oxide-linux-x64-gnu'
87 silly reify ]
88 verbose reify failed optional dependency D:\Projects\learning\travel-agency\node_modules\@tailwindcss\oxide-linux-arm64-musl
89 silly reify mark deleted [
89 silly reify   'D:\\Projects\\learning\\travel-agency\\node_modules\\@tailwindcss\\oxide-linux-arm64-musl'
89 silly reify ]
90 verbose reify failed optional dependency D:\Projects\learning\travel-agency\node_modules\@tailwindcss\oxide-linux-arm64-gnu
91 silly reify mark deleted [
91 silly reify   'D:\\Projects\\learning\\travel-agency\\node_modules\\@tailwindcss\\oxide-linux-arm64-gnu'
91 silly reify ]
92 verbose reify failed optional dependency D:\Projects\learning\travel-agency\node_modules\@tailwindcss\oxide-linux-arm-gnueabihf
93 silly reify mark deleted [
93 silly reify   'D:\\Projects\\learning\\travel-agency\\node_modules\\@tailwindcss\\oxide-linux-arm-gnueabihf'
93 silly reify ]
94 verbose reify failed optional dependency D:\Projects\learning\travel-agency\node_modules\@tailwindcss\oxide-freebsd-x64
95 silly reify mark deleted [
95 silly reify   'D:\\Projects\\learning\\travel-agency\\node_modules\\@tailwindcss\\oxide-freebsd-x64'
95 silly reify ]
96 verbose reify failed optional dependency D:\Projects\learning\travel-agency\node_modules\@tailwindcss\oxide-darwin-x64
97 silly reify mark deleted [
97 silly reify   'D:\\Projects\\learning\\travel-agency\\node_modules\\@tailwindcss\\oxide-darwin-x64'
97 silly reify ]
98 verbose reify failed optional dependency D:\Projects\learning\travel-agency\node_modules\@tailwindcss\oxide-darwin-arm64
99 silly reify mark deleted [
99 silly reify   'D:\\Projects\\learning\\travel-agency\\node_modules\\@tailwindcss\\oxide-darwin-arm64'
99 silly reify ]
100 verbose reify failed optional dependency D:\Projects\learning\travel-agency\node_modules\@tailwindcss\oxide-android-arm64
101 silly reify mark deleted [
101 silly reify   'D:\\Projects\\learning\\travel-agency\\node_modules\\@tailwindcss\\oxide-android-arm64'
101 silly reify ]
102 verbose reify failed optional dependency D:\Projects\learning\travel-agency\node_modules\@rollup\rollup-win32-ia32-msvc
103 silly reify mark deleted [
103 silly reify   'D:\\Projects\\learning\\travel-agency\\node_modules\\@rollup\\rollup-win32-ia32-msvc'
103 silly reify ]
104 verbose reify failed optional dependency D:\Projects\learning\travel-agency\node_modules\@rollup\rollup-win32-arm64-msvc
105 silly reify mark deleted [
105 silly reify   'D:\\Projects\\learning\\travel-agency\\node_modules\\@rollup\\rollup-win32-arm64-msvc'
105 silly reify ]
106 verbose reify failed optional dependency D:\Projects\learning\travel-agency\node_modules\@rollup\rollup-linux-x64-musl
107 silly reify mark deleted [
107 silly reify   'D:\\Projects\\learning\\travel-agency\\node_modules\\@rollup\\rollup-linux-x64-musl'
107 silly reify ]
108 verbose reify failed optional dependency D:\Projects\learning\travel-agency\node_modules\@rollup\rollup-linux-x64-gnu
109 silly reify mark deleted [
109 silly reify   'D:\\Projects\\learning\\travel-agency\\node_modules\\@rollup\\rollup-linux-x64-gnu'
109 silly reify ]
110 verbose reify failed optional dependency D:\Projects\learning\travel-agency\node_modules\@rollup\rollup-linux-s390x-gnu
111 silly reify mark deleted [
111 silly reify   'D:\\Projects\\learning\\travel-agency\\node_modules\\@rollup\\rollup-linux-s390x-gnu'
111 silly reify ]
112 verbose reify failed optional dependency D:\Projects\learning\travel-agency\node_modules\@rollup\rollup-linux-riscv64-musl
113 silly reify mark deleted [
113 silly reify   'D:\\Projects\\learning\\travel-agency\\node_modules\\@rollup\\rollup-linux-riscv64-musl'
113 silly reify ]
114 verbose reify failed optional dependency D:\Projects\learning\travel-agency\node_modules\@rollup\rollup-linux-riscv64-gnu
115 silly reify mark deleted [
115 silly reify   'D:\\Projects\\learning\\travel-agency\\node_modules\\@rollup\\rollup-linux-riscv64-gnu'
115 silly reify ]
116 verbose reify failed optional dependency D:\Projects\learning\travel-agency\node_modules\@rollup\rollup-linux-powerpc64le-gnu
117 silly reify mark deleted [
117 silly reify   'D:\\Projects\\learning\\travel-agency\\node_modules\\@rollup\\rollup-linux-powerpc64le-gnu'
117 silly reify ]
118 verbose reify failed optional dependency D:\Projects\learning\travel-agency\node_modules\@rollup\rollup-linux-loongarch64-gnu
119 silly reify mark deleted [
119 silly reify   'D:\\Projects\\learning\\travel-agency\\node_modules\\@rollup\\rollup-linux-loongarch64-gnu'
119 silly reify ]
120 verbose reify failed optional dependency D:\Projects\learning\travel-agency\node_modules\@rollup\rollup-linux-arm64-musl
121 silly reify mark deleted [
121 silly reify   'D:\\Projects\\learning\\travel-agency\\node_modules\\@rollup\\rollup-linux-arm64-musl'
121 silly reify ]
122 verbose reify failed optional dependency D:\Projects\learning\travel-agency\node_modules\@rollup\rollup-linux-arm64-gnu
123 silly reify mark deleted [
123 silly reify   'D:\\Projects\\learning\\travel-agency\\node_modules\\@rollup\\rollup-linux-arm64-gnu'
123 silly reify ]
124 verbose reify failed optional dependency D:\Projects\learning\travel-agency\node_modules\@rollup\rollup-linux-arm-musleabihf
125 silly reify mark deleted [
125 silly reify   'D:\\Projects\\learning\\travel-agency\\node_modules\\@rollup\\rollup-linux-arm-musleabihf'
125 silly reify ]
126 verbose reify failed optional dependency D:\Projects\learning\travel-agency\node_modules\@rollup\rollup-linux-arm-gnueabihf
127 silly reify mark deleted [
127 silly reify   'D:\\Projects\\learning\\travel-agency\\node_modules\\@rollup\\rollup-linux-arm-gnueabihf'
127 silly reify ]
128 verbose reify failed optional dependency D:\Projects\learning\travel-agency\node_modules\@rollup\rollup-freebsd-x64
129 silly reify mark deleted [
129 silly reify   'D:\\Projects\\learning\\travel-agency\\node_modules\\@rollup\\rollup-freebsd-x64'
129 silly reify ]
130 verbose reify failed optional dependency D:\Projects\learning\travel-agency\node_modules\@rollup\rollup-freebsd-arm64
131 silly reify mark deleted [
131 silly reify   'D:\\Projects\\learning\\travel-agency\\node_modules\\@rollup\\rollup-freebsd-arm64'
131 silly reify ]
132 verbose reify failed optional dependency D:\Projects\learning\travel-agency\node_modules\@rollup\rollup-darwin-x64
133 silly reify mark deleted [
133 silly reify   'D:\\Projects\\learning\\travel-agency\\node_modules\\@rollup\\rollup-darwin-x64'
133 silly reify ]
134 verbose reify failed optional dependency D:\Projects\learning\travel-agency\node_modules\@rollup\rollup-darwin-arm64
135 silly reify mark deleted [
135 silly reify   'D:\\Projects\\learning\\travel-agency\\node_modules\\@rollup\\rollup-darwin-arm64'
135 silly reify ]
136 verbose reify failed optional dependency D:\Projects\learning\travel-agency\node_modules\@rollup\rollup-android-arm64
137 silly reify mark deleted [
137 silly reify   'D:\\Projects\\learning\\travel-agency\\node_modules\\@rollup\\rollup-android-arm64'
137 silly reify ]
138 verbose reify failed optional dependency D:\Projects\learning\travel-agency\node_modules\@rollup\rollup-android-arm-eabi
139 silly reify mark deleted [
139 silly reify   'D:\\Projects\\learning\\travel-agency\\node_modules\\@rollup\\rollup-android-arm-eabi'
139 silly reify ]
140 verbose reify failed optional dependency D:\Projects\learning\travel-agency\node_modules\@esbuild\win32-ia32
141 silly reify mark deleted [
141 silly reify   'D:\\Projects\\learning\\travel-agency\\node_modules\\@esbuild\\win32-ia32'
141 silly reify ]
142 verbose reify failed optional dependency D:\Projects\learning\travel-agency\node_modules\@esbuild\win32-arm64
143 silly reify mark deleted [
143 silly reify   'D:\\Projects\\learning\\travel-agency\\node_modules\\@esbuild\\win32-arm64'
143 silly reify ]
144 verbose reify failed optional dependency D:\Projects\learning\travel-agency\node_modules\@esbuild\sunos-x64
145 silly reify mark deleted [
145 silly reify   'D:\\Projects\\learning\\travel-agency\\node_modules\\@esbuild\\sunos-x64'
145 silly reify ]
146 verbose reify failed optional dependency D:\Projects\learning\travel-agency\node_modules\@esbuild\openbsd-x64
147 silly reify mark deleted [
147 silly reify   'D:\\Projects\\learning\\travel-agency\\node_modules\\@esbuild\\openbsd-x64'
147 silly reify ]
148 verbose reify failed optional dependency D:\Projects\learning\travel-agency\node_modules\@esbuild\openbsd-arm64
149 silly reify mark deleted [
149 silly reify   'D:\\Projects\\learning\\travel-agency\\node_modules\\@esbuild\\openbsd-arm64'
149 silly reify ]
150 verbose reify failed optional dependency D:\Projects\learning\travel-agency\node_modules\@esbuild\netbsd-x64
151 silly reify mark deleted [
151 silly reify   'D:\\Projects\\learning\\travel-agency\\node_modules\\@esbuild\\netbsd-x64'
151 silly reify ]
152 verbose reify failed optional dependency D:\Projects\learning\travel-agency\node_modules\@esbuild\netbsd-arm64
153 silly reify mark deleted [
153 silly reify   'D:\\Projects\\learning\\travel-agency\\node_modules\\@esbuild\\netbsd-arm64'
153 silly reify ]
154 verbose reify failed optional dependency D:\Projects\learning\travel-agency\node_modules\@esbuild\linux-x64
155 silly reify mark deleted [
155 silly reify   'D:\\Projects\\learning\\travel-agency\\node_modules\\@esbuild\\linux-x64'
155 silly reify ]
156 verbose reify failed optional dependency D:\Projects\learning\travel-agency\node_modules\@esbuild\linux-s390x
157 silly reify mark deleted [
157 silly reify   'D:\\Projects\\learning\\travel-agency\\node_modules\\@esbuild\\linux-s390x'
157 silly reify ]
158 verbose reify failed optional dependency D:\Projects\learning\travel-agency\node_modules\@esbuild\linux-riscv64
159 silly reify mark deleted [
159 silly reify   'D:\\Projects\\learning\\travel-agency\\node_modules\\@esbuild\\linux-riscv64'
159 silly reify ]
160 verbose reify failed optional dependency D:\Projects\learning\travel-agency\node_modules\@esbuild\linux-ppc64
161 silly reify mark deleted [
161 silly reify   'D:\\Projects\\learning\\travel-agency\\node_modules\\@esbuild\\linux-ppc64'
161 silly reify ]
162 verbose reify failed optional dependency D:\Projects\learning\travel-agency\node_modules\@esbuild\linux-mips64el
163 silly reify mark deleted [
163 silly reify   'D:\\Projects\\learning\\travel-agency\\node_modules\\@esbuild\\linux-mips64el'
163 silly reify ]
164 verbose reify failed optional dependency D:\Projects\learning\travel-agency\node_modules\@esbuild\linux-loong64
165 silly reify mark deleted [
165 silly reify   'D:\\Projects\\learning\\travel-agency\\node_modules\\@esbuild\\linux-loong64'
165 silly reify ]
166 verbose reify failed optional dependency D:\Projects\learning\travel-agency\node_modules\@esbuild\linux-ia32
167 silly reify mark deleted [
167 silly reify   'D:\\Projects\\learning\\travel-agency\\node_modules\\@esbuild\\linux-ia32'
167 silly reify ]
168 verbose reify failed optional dependency D:\Projects\learning\travel-agency\node_modules\@esbuild\linux-arm64
169 silly reify mark deleted [
169 silly reify   'D:\\Projects\\learning\\travel-agency\\node_modules\\@esbuild\\linux-arm64'
169 silly reify ]
170 verbose reify failed optional dependency D:\Projects\learning\travel-agency\node_modules\@esbuild\linux-arm
171 silly reify mark deleted [
171 silly reify   'D:\\Projects\\learning\\travel-agency\\node_modules\\@esbuild\\linux-arm'
171 silly reify ]
172 verbose reify failed optional dependency D:\Projects\learning\travel-agency\node_modules\@esbuild\freebsd-x64
173 silly reify mark deleted [
173 silly reify   'D:\\Projects\\learning\\travel-agency\\node_modules\\@esbuild\\freebsd-x64'
173 silly reify ]
174 verbose reify failed optional dependency D:\Projects\learning\travel-agency\node_modules\@esbuild\freebsd-arm64
175 silly reify mark deleted [
175 silly reify   'D:\\Projects\\learning\\travel-agency\\node_modules\\@esbuild\\freebsd-arm64'
175 silly reify ]
176 verbose reify failed optional dependency D:\Projects\learning\travel-agency\node_modules\@esbuild\darwin-x64
177 silly reify mark deleted [
177 silly reify   'D:\\Projects\\learning\\travel-agency\\node_modules\\@esbuild\\darwin-x64'
177 silly reify ]
178 verbose reify failed optional dependency D:\Projects\learning\travel-agency\node_modules\@esbuild\darwin-arm64
179 silly reify mark deleted [
179 silly reify   'D:\\Projects\\learning\\travel-agency\\node_modules\\@esbuild\\darwin-arm64'
179 silly reify ]
180 verbose reify failed optional dependency D:\Projects\learning\travel-agency\node_modules\@esbuild\android-x64
181 silly reify mark deleted [
181 silly reify   'D:\\Projects\\learning\\travel-agency\\node_modules\\@esbuild\\android-x64'
181 silly reify ]
182 verbose reify failed optional dependency D:\Projects\learning\travel-agency\node_modules\@esbuild\android-arm64
183 silly reify mark deleted [
183 silly reify   'D:\\Projects\\learning\\travel-agency\\node_modules\\@esbuild\\android-arm64'
183 silly reify ]
184 verbose reify failed optional dependency D:\Projects\learning\travel-agency\node_modules\@esbuild\android-arm
185 silly reify mark deleted [
185 silly reify   'D:\\Projects\\learning\\travel-agency\\node_modules\\@esbuild\\android-arm'
185 silly reify ]
186 verbose reify failed optional dependency D:\Projects\learning\travel-agency\node_modules\@esbuild\aix-ppc64
187 silly reify mark deleted [
187 silly reify   'D:\\Projects\\learning\\travel-agency\\node_modules\\@esbuild\\aix-ppc64'
187 silly reify ]
188 timing reifyNode:node_modules/lightningcss-win32-arm64-msvc Completed in 20ms
189 timing reifyNode:node_modules/lightningcss-linux-x64-musl Completed in 20ms
190 timing reifyNode:node_modules/lightningcss-linux-x64-gnu Completed in 20ms
191 timing reifyNode:node_modules/lightningcss-linux-arm64-musl Completed in 20ms
192 timing reifyNode:node_modules/lightningcss-linux-arm64-gnu Completed in 20ms
193 timing reifyNode:node_modules/lightningcss-linux-arm-gnueabihf Completed in 19ms
194 timing reifyNode:node_modules/lightningcss-freebsd-x64 Completed in 19ms
195 timing reifyNode:node_modules/lightningcss-darwin-x64 Completed in 19ms
196 timing reifyNode:node_modules/lightningcss-darwin-arm64 Completed in 19ms
197 timing reifyNode:node_modules/fsevents Completed in 19ms
198 timing reifyNode:node_modules/@tailwindcss/oxide-win32-arm64-msvc Completed in 18ms
199 timing reifyNode:node_modules/@tailwindcss/oxide-linux-x64-musl Completed in 19ms
200 timing reifyNode:node_modules/@tailwindcss/oxide-linux-x64-gnu Completed in 19ms
201 timing reifyNode:node_modules/@tailwindcss/oxide-linux-arm64-musl Completed in 19ms
202 timing reifyNode:node_modules/@tailwindcss/oxide-linux-arm64-gnu Completed in 19ms
203 timing reifyNode:node_modules/@tailwindcss/oxide-linux-arm-gnueabihf Completed in 19ms
204 timing reifyNode:node_modules/@tailwindcss/oxide-freebsd-x64 Completed in 19ms
205 timing reifyNode:node_modules/@tailwindcss/oxide-darwin-x64 Completed in 19ms
206 timing reifyNode:node_modules/@tailwindcss/oxide-darwin-arm64 Completed in 18ms
207 timing reifyNode:node_modules/@tailwindcss/oxide-android-arm64 Completed in 18ms
208 timing reifyNode:node_modules/@rollup/rollup-win32-ia32-msvc Completed in 18ms
209 timing reifyNode:node_modules/@rollup/rollup-win32-arm64-msvc Completed in 18ms
210 timing reifyNode:node_modules/@rollup/rollup-linux-x64-musl Completed in 18ms
211 timing reifyNode:node_modules/@rollup/rollup-linux-x64-gnu Completed in 18ms
212 timing reifyNode:node_modules/@rollup/rollup-linux-s390x-gnu Completed in 18ms
213 timing reifyNode:node_modules/@rollup/rollup-linux-riscv64-musl Completed in 18ms
214 timing reifyNode:node_modules/@rollup/rollup-linux-riscv64-gnu Completed in 18ms
215 timing reifyNode:node_modules/@rollup/rollup-linux-powerpc64le-gnu Completed in 17ms
216 timing reifyNode:node_modules/@rollup/rollup-linux-loongarch64-gnu Completed in 17ms
217 timing reifyNode:node_modules/@rollup/rollup-linux-arm64-musl Completed in 17ms
218 timing reifyNode:node_modules/@rollup/rollup-linux-arm64-gnu Completed in 17ms
219 timing reifyNode:node_modules/@rollup/rollup-linux-arm-musleabihf Completed in 17ms
220 timing reifyNode:node_modules/@rollup/rollup-linux-arm-gnueabihf Completed in 18ms
221 timing reifyNode:node_modules/@rollup/rollup-freebsd-x64 Completed in 18ms
222 timing reifyNode:node_modules/@rollup/rollup-freebsd-arm64 Completed in 18ms
223 timing reifyNode:node_modules/@rollup/rollup-darwin-x64 Completed in 18ms
224 timing reifyNode:node_modules/@rollup/rollup-darwin-arm64 Completed in 18ms
225 timing reifyNode:node_modules/@rollup/rollup-android-arm64 Completed in 17ms
226 timing reifyNode:node_modules/@rollup/rollup-android-arm-eabi Completed in 17ms
227 timing reifyNode:node_modules/@esbuild/win32-ia32 Completed in 17ms
228 timing reifyNode:node_modules/@esbuild/win32-arm64 Completed in 17ms
229 timing reifyNode:node_modules/@esbuild/sunos-x64 Completed in 17ms
230 timing reifyNode:node_modules/@esbuild/openbsd-x64 Completed in 17ms
231 timing reifyNode:node_modules/@esbuild/openbsd-arm64 Completed in 17ms
232 timing reifyNode:node_modules/@esbuild/netbsd-x64 Completed in 17ms
233 timing reifyNode:node_modules/@esbuild/netbsd-arm64 Completed in 17ms
234 timing reifyNode:node_modules/@esbuild/linux-x64 Completed in 16ms
235 timing reifyNode:node_modules/@esbuild/linux-s390x Completed in 16ms
236 timing reifyNode:node_modules/@esbuild/linux-riscv64 Completed in 16ms
237 timing reifyNode:node_modules/@esbuild/linux-ppc64 Completed in 16ms
238 timing reifyNode:node_modules/@esbuild/linux-mips64el Completed in 16ms
239 timing reifyNode:node_modules/@esbuild/linux-loong64 Completed in 16ms
240 timing reifyNode:node_modules/@esbuild/linux-ia32 Completed in 16ms
241 timing reifyNode:node_modules/@esbuild/linux-arm64 Completed in 16ms
242 timing reifyNode:node_modules/@esbuild/linux-arm Completed in 17ms
243 timing reifyNode:node_modules/@esbuild/freebsd-x64 Completed in 17ms
244 timing reifyNode:node_modules/@esbuild/freebsd-arm64 Completed in 17ms
245 timing reifyNode:node_modules/@esbuild/darwin-x64 Completed in 17ms
246 timing reifyNode:node_modules/@esbuild/darwin-arm64 Completed in 17ms
247 timing reifyNode:node_modules/@esbuild/android-x64 Completed in 17ms
248 timing reifyNode:node_modules/@esbuild/android-arm64 Completed in 17ms
249 timing reifyNode:node_modules/@esbuild/android-arm Completed in 17ms
250 timing reifyNode:node_modules/@esbuild/aix-ppc64 Completed in 16ms
251 silly tarball no local data for tailwind-merge@https://registry.npmjs.org/tailwind-merge/-/tailwind-merge-3.3.0.tgz. Extracting by manifest.
252 silly tarball no local data for clsx@https://registry.npmjs.org/clsx/-/clsx-2.1.1.tgz. Extracting by manifest.
253 http fetch GET 200 https://registry.npmjs.org/clsx/-/clsx-2.1.1.tgz 133ms (cache miss)
254 timing reifyNode:node_modules/clsx Completed in 188ms
255 http fetch GET 200 https://registry.npmjs.org/tailwind-merge/-/tailwind-merge-3.3.0.tgz 197ms (cache miss)
256 timing reifyNode:node_modules/tailwind-merge Completed in 247ms
257 timing reify:unpack Completed in 248ms
258 timing reify:unretire Completed in 0ms
259 timing build:queue Completed in 4ms
260 timing build:deps Completed in 4ms
261 timing build Completed in 5ms
262 timing reify:build Completed in 5ms
263 timing reify:trash Completed in 10ms
264 http fetch POST 200 https://registry.npmjs.org/-/npm/v1/security/advisories/bulk 422ms
265 timing auditReport:getReport Completed in 431ms
266 silly audit report {}
267 timing auditReport:init Completed in 0ms
268 timing reify:audit Completed in 432ms
269 timing reify:save Completed in 156ms
270 timing reify Completed in 1113ms
271 silly ADD node_modules/tailwind-merge
272 silly ADD node_modules/clsx
273 silly ADD
274 silly ADD
275 silly ADD
276 silly ADD
277 silly ADD
278 silly ADD
279 silly ADD
280 silly ADD
281 silly ADD
282 silly ADD
283 silly ADD
284 silly ADD
285 silly ADD
286 silly ADD
287 silly ADD
288 silly ADD
289 silly ADD
290 silly ADD
291 silly ADD
292 silly ADD
293 silly ADD
294 silly ADD
295 silly ADD
296 silly ADD
297 silly ADD
298 silly ADD
299 silly ADD
300 silly ADD
301 silly ADD
302 silly ADD
303 silly ADD
304 silly ADD
305 silly ADD
306 silly ADD
307 silly ADD
308 silly ADD
309 silly ADD
310 silly ADD
311 silly ADD
312 silly ADD
313 silly ADD
314 silly ADD
315 silly ADD
316 silly ADD
317 silly ADD
318 silly ADD
319 silly ADD
320 silly ADD
321 silly ADD
322 silly ADD
323 silly ADD
324 silly ADD
325 silly ADD
326 silly ADD
327 silly ADD
328 silly ADD
329 silly ADD
330 silly ADD
331 silly ADD
332 silly ADD
333 silly ADD
334 silly ADD
335 silly ADD
336 silly ADD
337 timing command:i Completed in 1123ms
338 verbose exit 0
339 timing npm Completed in 1500ms
340 info ok
